  [1m[35m (1831.5ms)[0m  [1m[35mCREATE DATABASE "items_api_development" ENCODING = 'unicode'[0m
  [1m[35m (1284.3ms)[0m  [1m[35mCREATE DATABASE "items_api_test" ENCODING = 'unicode'[0m
  [1m[35m (293.1ms)[0m  [1m[35mDROP DATABASE IF EXISTS "items_api_development"[0m
  [1m[35m (265.4ms)[0m  [1m[35mDROP DATABASE IF EXISTS "items_api_test"[0m
  [1m[35m (849.9ms)[0m  [1m[35mCREATE DATABASE "items_api_development" ENCODING = 'unicode'[0m
  [1m[35m (1129.0ms)[0m  [1m[35mCREATE DATABASE "items_api_test" ENCODING = 'unicode'[0m
  [1m[35m (235.9ms)[0m  [1m[35mDROP DATABASE IF EXISTS "items_api_development"[0m
  [1m[35m (248.0ms)[0m  [1m[35mDROP DATABASE IF EXISTS "items_api_test"[0m
  [1m[35m (0.2ms)[0m  [1m[35mDROP DATABASE IF EXISTS "items_api_development"[0m
  [1m[35m (0.1ms)[0m  [1m[35mDROP DATABASE IF EXISTS "items_api_test"[0m
  [1m[35m (956.5ms)[0m  [1m[35mCREATE DATABASE "items_api_development" ENCODING = 'unicode'[0m
  [1m[35m (954.0ms)[0m  [1m[35mCREATE DATABASE "items_api_test" ENCODING = 'unicode'[0m
  [1m[35m (227.6ms)[0m  [1m[35mDROP DATABASE IF EXISTS "items_api_development"[0m
  [1m[35m (441.6ms)[0m  [1m[35mDROP DATABASE IF EXISTS "items_api_test"[0m
  [1m[35m (870.7ms)[0m  [1m[35mCREATE DATABASE "online_store_development" ENCODING = 'unicode'[0m
  [1m[35m (1279.5ms)[0m  [1m[35mCREATE DATABASE "online_store_test" ENCODING = 'unicode'[0m
Started GET "/" for ::1 at 2022-05-27 20:25:09 +0500
Processing by Rails::WelcomeController#index as HTML
  Rendering /home/roman/.rvm/gems/ruby-2.7.1/gems/railties-6.1.6/lib/rails/templates/rails/welcome/index.html.erb
  Rendered /home/roman/.rvm/gems/ruby-2.7.1/gems/railties-6.1.6/lib/rails/templates/rails/welcome/index.html.erb (Duration: 7.5ms | Allocations: 399)
Completed 200 OK in 21ms (Views: 12.2ms | ActiveRecord: 0.0ms | Allocations: 3530)


  [1m[35m (1.1ms)[0m  [1m[35mCREATE DATABASE "online_store_development" ENCODING = 'unicode'[0m
  [1m[35m (1.0ms)[0m  [1m[35mCREATE DATABASE "online_store_test" ENCODING = 'unicode'[0m
  [1m[35m (780.0ms)[0m  [1m[35mDROP DATABASE IF EXISTS "online_store_development"[0m
  [1m[35m (438.7ms)[0m  [1m[35mDROP DATABASE IF EXISTS "online_store_test"[0m
  [1m[35m (2611.2ms)[0m  [1m[35mCREATE DATABASE "online_store_development" ENCODING = 'unicode'[0m
  [1m[35m (1815.5ms)[0m  [1m[35mCREATE DATABASE "online_store_test" ENCODING = 'unicode'[0m
  [1m[35m (0.5ms)[0m  [1m[35mCREATE DATABASE "online_store_development" ENCODING = 'unicode'[0m
  [1m[35m (0.3ms)[0m  [1m[35mCREATE DATABASE "online_store_test" ENCODING = 'unicode'[0m
  [1m[35m (567.2ms)[0m  [1m[35mDROP DATABASE IF EXISTS "online_store_development"[0m
  [1m[35m (230.0ms)[0m  [1m[35mDROP DATABASE IF EXISTS "online_store_test"[0m
  [1m[35m (1053.0ms)[0m  [1m[35mCREATE DATABASE "online_store_development" ENCODING = 'unicode'[0m
  [1m[35m (1185.6ms)[0m  [1m[35mCREATE DATABASE "online_store_test" ENCODING = 'unicode'[0m
  [1m[35m (96.8ms)[0m  [1m[35mCREATE TABLE "schema_migrations" ("version" character varying NOT NULL PRIMARY KEY)[0m
  [1m[35m (83.8ms)[0m  [1m[35mCREATE TABLE "ar_internal_metadata" ("key" character varying NOT NULL PRIMARY KEY, "value" character varying, "created_at" timestamp(6) NOT NULL, "updated_at" timestamp(6) NOT NULL)[0m
  [1m[35m (0.6ms)[0m  [1m[34mSELECT pg_try_advisory_lock(7535100202440897450)[0m
  [1m[35m (1.0ms)[0m  [1m[34mSELECT "schema_migrations"."version" FROM "schema_migrations" ORDER BY "schema_migrations"."version" ASC[0m
Migrating to CreateTableItems (20220602090638)
  [1m[36mTRANSACTION (0.3ms)[0m  [1m[35mBEGIN[0m
  [1m[35m (77.8ms)[0m  [1m[35mCREATE TABLE "table_items" ("id" bigserial primary key, "name" character varying, "description" character varying, "created_at" timestamp(6) NOT NULL, "updated_at" timestamp(6) NOT NULL)[0m
  [1m[36mActiveRecord::SchemaMigration Create (0.5ms)[0m  [1m[32mINSERT INTO "schema_migrations" ("version") VALUES ($1) RETURNING "version"[0m  [["version", "20220602090638"]]
  [1m[36mTRANSACTION (10.8ms)[0m  [1m[35mCOMMIT[0m
Migrating to CreateTableBaskets (20220602090714)
  [1m[36mTRANSACTION (0.1ms)[0m  [1m[35mBEGIN[0m
  [1m[35m (38.3ms)[0m  [1m[35mCREATE TABLE "table_baskets" ("id" bigserial primary key, "created_at" timestamp(6) NOT NULL, "updated_at" timestamp(6) NOT NULL)[0m
  [1m[36mActiveRecord::SchemaMigration Create (0.3ms)[0m  [1m[32mINSERT INTO "schema_migrations" ("version") VALUES ($1) RETURNING "version"[0m  [["version", "20220602090714"]]
  [1m[36mTRANSACTION (12.9ms)[0m  [1m[35mCOMMIT[0m
Migrating to CreateTableBasketItems (20220602090809)
  [1m[36mTRANSACTION (0.1ms)[0m  [1m[35mBEGIN[0m
  [1m[35m (39.7ms)[0m  [1m[35mCREATE TABLE "table_basket_items" ("id" bigserial primary key, "item_id" bigint NOT NULL, "basket_id" bigint NOT NULL, "created_at" timestamp(6) NOT NULL, "updated_at" timestamp(6) NOT NULL, CONSTRAINT "fk_rails_4dba581f61"
FOREIGN KEY ("item_id")
  REFERENCES "items" ("id")
, CONSTRAINT "fk_rails_049905dd8d"
FOREIGN KEY ("basket_id")
  REFERENCES "baskets" ("id")
)[0m
  [1m[36mTRANSACTION (0.2ms)[0m  [1m[31mROLLBACK[0m
  [1m[35m (0.3ms)[0m  [1m[34mSELECT pg_advisory_unlock(7535100202440897450)[0m
  [1m[35m (0.3ms)[0m  [1m[34mSELECT pg_try_advisory_lock(7535100202440897450)[0m
  [1m[35m (0.4ms)[0m  [1m[34mSELECT "schema_migrations"."version" FROM "schema_migrations" ORDER BY "schema_migrations"."version" ASC[0m
Migrating to CreateTableBasketItems (20220602090809)
  [1m[36mTRANSACTION (0.1ms)[0m  [1m[35mBEGIN[0m
  [1m[35m (201.7ms)[0m  [1m[35mCREATE TABLE "table_basket_items" ("id" bigserial primary key, "item_id" bigint NOT NULL, "basket_id" bigint NOT NULL, "created_at" timestamp(6) NOT NULL, "updated_at" timestamp(6) NOT NULL, CONSTRAINT "fk_rails_4dba581f61"
FOREIGN KEY ("item_id")
  REFERENCES "items" ("id")
, CONSTRAINT "fk_rails_049905dd8d"
FOREIGN KEY ("basket_id")
  REFERENCES "baskets" ("id")
)[0m
  [1m[36mTRANSACTION (0.4ms)[0m  [1m[31mROLLBACK[0m
  [1m[35m (0.5ms)[0m  [1m[34mSELECT pg_advisory_unlock(7535100202440897450)[0m
  [1m[35m (0.4ms)[0m  [1m[34mSELECT "schema_migrations"."version" FROM "schema_migrations" ORDER BY "schema_migrations"."version" ASC[0m
  [1m[35m (0.2ms)[0m  [1m[34mSELECT "ar_internal_metadata"."value" FROM "ar_internal_metadata" WHERE "ar_internal_metadata"."key" = $1[0m  [["key", "environment"]]
  [1m[36mActiveRecord::InternalMetadata Load (0.4ms)[0m  [1m[34mSELECT "ar_internal_metadata".* FROM "ar_internal_metadata" WHERE "ar_internal_metadata"."key" = $1 LIMIT $2[0m  [["key", "environment"], ["LIMIT", 1]]
  [1m[36mTRANSACTION (0.1ms)[0m  [1m[35mBEGIN[0m
  [1m[36mActiveRecord::InternalMetadata Create (0.4ms)[0m  [1m[32mINSERT INTO "ar_internal_metadata" ("key", "value", "created_at", "updated_at") VALUES ($1, $2, $3, $4) RETURNING "key"[0m  [["key", "environment"], ["value", "development"], ["created_at", "2022-06-02 09:15:54.257571"], ["updated_at", "2022-06-02 09:15:54.257571"]]
  [1m[36mTRANSACTION (13.0ms)[0m  [1m[35mCOMMIT[0m
  [1m[35m (0.4ms)[0m  [1m[34mSELECT "schema_migrations"."version" FROM "schema_migrations" ORDER BY "schema_migrations"."version" ASC[0m
  [1m[35m (0.3ms)[0m  [1m[34mSELECT "ar_internal_metadata"."value" FROM "ar_internal_metadata" WHERE "ar_internal_metadata"."key" = $1[0m  [["key", "environment"]]
  [1m[35m (0.3ms)[0m  [1m[34mSELECT "schema_migrations"."version" FROM "schema_migrations" ORDER BY "schema_migrations"."version" ASC[0m
  [1m[35m (0.2ms)[0m  [1m[34mSELECT "ar_internal_metadata"."value" FROM "ar_internal_metadata" WHERE "ar_internal_metadata"."key" = $1[0m  [["key", "environment"]]
  [1m[35m (0.7ms)[0m  [1m[34mSELECT "schema_migrations"."version" FROM "schema_migrations" ORDER BY "schema_migrations"."version" ASC[0m
  [1m[35m (0.2ms)[0m  [1m[34mSELECT "ar_internal_metadata"."value" FROM "ar_internal_metadata" WHERE "ar_internal_metadata"."key" = $1[0m  [["key", "environment"]]
  [1m[35m (409.9ms)[0m  [1m[35mDROP DATABASE IF EXISTS "online_store_development"[0m
  [1m[35m (295.5ms)[0m  [1m[35mDROP DATABASE IF EXISTS "online_store_test"[0m
  [1m[35m (1406.0ms)[0m  [1m[35mCREATE DATABASE "online_store_development" ENCODING = 'unicode'[0m
  [1m[35m (1832.7ms)[0m  [1m[35mCREATE DATABASE "online_store_test" ENCODING = 'unicode'[0m
  [1m[35m (152.9ms)[0m  [1m[35mCREATE TABLE "schema_migrations" ("version" character varying NOT NULL PRIMARY KEY)[0m
  [1m[35m (128.5ms)[0m  [1m[35mCREATE TABLE "ar_internal_metadata" ("key" character varying NOT NULL PRIMARY KEY, "value" character varying, "created_at" timestamp(6) NOT NULL, "updated_at" timestamp(6) NOT NULL)[0m
  [1m[35m (0.6ms)[0m  [1m[34mSELECT pg_try_advisory_lock(7535100202440897450)[0m
  [1m[35m (1.1ms)[0m  [1m[34mSELECT "schema_migrations"."version" FROM "schema_migrations" ORDER BY "schema_migrations"."version" ASC[0m
Migrating to CreateItems (20220602090638)
  [1m[36mTRANSACTION (0.4ms)[0m  [1m[35mBEGIN[0m
  [1m[35m (169.1ms)[0m  [1m[35mCREATE TABLE "items" ("id" bigserial primary key, "name" character varying, "description" character varying, "created_at" timestamp(6) NOT NULL, "updated_at" timestamp(6) NOT NULL)[0m
  [1m[36mActiveRecord::SchemaMigration Create (1.0ms)[0m  [1m[32mINSERT INTO "schema_migrations" ("version") VALUES ($1) RETURNING "version"[0m  [["version", "20220602090638"]]
  [1m[36mTRANSACTION (13.4ms)[0m  [1m[35mCOMMIT[0m
Migrating to CreateBaskets (20220602090714)
  [1m[36mTRANSACTION (0.3ms)[0m  [1m[35mBEGIN[0m
  [1m[35m (75.9ms)[0m  [1m[35mCREATE TABLE "baskets" ("id" bigserial primary key, "created_at" timestamp(6) NOT NULL, "updated_at" timestamp(6) NOT NULL)[0m
  [1m[36mActiveRecord::SchemaMigration Create (0.6ms)[0m  [1m[32mINSERT INTO "schema_migrations" ("version") VALUES ($1) RETURNING "version"[0m  [["version", "20220602090714"]]
  [1m[36mTRANSACTION (19.2ms)[0m  [1m[35mCOMMIT[0m
Migrating to CreateBasketItems (20220602090809)
  [1m[36mTRANSACTION (0.3ms)[0m  [1m[35mBEGIN[0m
  [1m[35m (77.6ms)[0m  [1m[35mCREATE TABLE "basket_items" ("id" bigserial primary key, "item_id" bigint NOT NULL, "basket_id" bigint NOT NULL, "created_at" timestamp(6) NOT NULL, "updated_at" timestamp(6) NOT NULL, CONSTRAINT "fk_rails_b1a4cc017c"
FOREIGN KEY ("item_id")
  REFERENCES "items" ("id")
, CONSTRAINT "fk_rails_03e5a736bd"
FOREIGN KEY ("basket_id")
  REFERENCES "baskets" ("id")
)[0m
  [1m[35m (81.5ms)[0m  [1m[35mCREATE INDEX "index_basket_items_on_item_id" ON "basket_items" ("item_id")[0m
  [1m[35m (71.9ms)[0m  [1m[35mCREATE INDEX "index_basket_items_on_basket_id" ON "basket_items" ("basket_id")[0m
  [1m[36mActiveRecord::SchemaMigration Create (0.7ms)[0m  [1m[32mINSERT INTO "schema_migrations" ("version") VALUES ($1) RETURNING "version"[0m  [["version", "20220602090809"]]
  [1m[36mTRANSACTION (17.7ms)[0m  [1m[35mCOMMIT[0m
Migrating to CreateOrders (20220602090934)
  [1m[36mTRANSACTION (0.3ms)[0m  [1m[35mBEGIN[0m
  [1m[35m (83.1ms)[0m  [1m[35mCREATE TABLE "orders" ("id" bigserial primary key, "created_at" timestamp(6) NOT NULL, "updated_at" timestamp(6) NOT NULL)[0m
  [1m[36mActiveRecord::SchemaMigration Create (0.5ms)[0m  [1m[32mINSERT INTO "schema_migrations" ("version") VALUES ($1) RETURNING "version"[0m  [["version", "20220602090934"]]
  [1m[36mTRANSACTION (16.0ms)[0m  [1m[35mCOMMIT[0m
Migrating to CreateOrderItems (20220602091008)
  [1m[36mTRANSACTION (0.4ms)[0m  [1m[35mBEGIN[0m
  [1m[35m (313.8ms)[0m  [1m[35mCREATE TABLE "order_items" ("id" bigserial primary key, "item_id" bigint NOT NULL, "order_id" bigint NOT NULL, "created_at" timestamp(6) NOT NULL, "updated_at" timestamp(6) NOT NULL, CONSTRAINT "fk_rails_3e402078fd"
FOREIGN KEY ("item_id")
  REFERENCES "items" ("id")
, CONSTRAINT "fk_rails_e3cb28f071"
FOREIGN KEY ("order_id")
  REFERENCES "orders" ("id")
)[0m
  [1m[35m (180.0ms)[0m  [1m[35mCREATE INDEX "index_order_items_on_item_id" ON "order_items" ("item_id")[0m
  [1m[35m (122.3ms)[0m  [1m[35mCREATE INDEX "index_order_items_on_order_id" ON "order_items" ("order_id")[0m
  [1m[36mActiveRecord::SchemaMigration Create (0.7ms)[0m  [1m[32mINSERT INTO "schema_migrations" ("version") VALUES ($1) RETURNING "version"[0m  [["version", "20220602091008"]]
  [1m[36mTRANSACTION (16.7ms)[0m  [1m[35mCOMMIT[0m
  [1m[36mActiveRecord::InternalMetadata Load (0.7ms)[0m  [1m[34mSELECT "ar_internal_metadata".* FROM "ar_internal_metadata" WHERE "ar_internal_metadata"."key" = $1 LIMIT $2[0m  [["key", "environment"], ["LIMIT", 1]]
  [1m[36mTRANSACTION (0.6ms)[0m  [1m[35mBEGIN[0m
  [1m[36mActiveRecord::InternalMetadata Create (0.9ms)[0m  [1m[32mINSERT INTO "ar_internal_metadata" ("key", "value", "created_at", "updated_at") VALUES ($1, $2, $3, $4) RETURNING "key"[0m  [["key", "environment"], ["value", "development"], ["created_at", "2022-06-02 09:16:06.143593"], ["updated_at", "2022-06-02 09:16:06.143593"]]
  [1m[36mTRANSACTION (11.8ms)[0m  [1m[35mCOMMIT[0m
  [1m[35m (0.8ms)[0m  [1m[34mSELECT pg_advisory_unlock(7535100202440897450)[0m
  [1m[35m (1.3ms)[0m  [1m[34mSELECT "schema_migrations"."version" FROM "schema_migrations" ORDER BY "schema_migrations"."version" ASC[0m
